<?xml version="1.0" encoding="UTF-8"?>
<!-- Generated by org.testng.reporters.JUnitReportReporter -->
<testsuite skipped="2" hostname="HO-SVS-MAMALLAN-LAP" name="org.testngannota.ParallelExecution" tests="4" failures="0" timestamp="17 Jun 2022 17:15:27 GMT" time="33.536" errors="0">
  <testcase name="tc1" time="33.455" classname="org.testngannota.ParallelExecution"/>
  <testcase name="tc2" time="0.081" classname="org.testngannota.ParallelExecution"/>
  <testcase name="tc3" classname="org.testngannota.ParallelExecution">
    <skipped/>
  </testcase> <!-- tc3 -->
  <testcase name="tc4" classname="org.testngannota.ParallelExecution">
    <skipped/>
  </testcase> <!-- tc4 -->
</testsuite> <!-- org.testngannota.ParallelExecution -->
