<?xml version="1.0" encoding="UTF-8"?>
<!-- Generated by org.testng.reporters.JUnitReportReporter -->
<testsuite skipped="0" hostname="HO-SVS-MAMALLAN-LAP" name="org.testngannota.TestNgGrouping" tests="9" failures="0" timestamp="16 Jun 2022 14:09:53 GMT" time="99.617" errors="0">
  <testcase name="tc11" time="6.648" classname="org.testngannota.TestNgGrouping"/>
  <testcase name="tc33" time="0.004" classname="org.testngannota.TestNgGrouping"/>
  <testcase name="tc55" time="5.394" classname="org.testngannota.TestNgGrouping"/>
  <testcase name="tc44" time="0.000" classname="org.testngannota.TestNgGrouping"/>
  <testcase name="tc7" time="12.709" classname="org.testngannota.TestNgGrouping"/>
  <testcase name="tc5" time="27.221" classname="org.testngannota.TestNgGrouping"/>
  <testcase name="tc6" time="24.832" classname="org.testngannota.TestNgGrouping"/>
  <testcase name="tc3" time="0.035" classname="org.testngannota.TestNgGrouping"/>
  <testcase name="tc4" time="22.774" classname="org.testngannota.TestNgGrouping"/>
</testsuite> <!-- org.testngannota.TestNgGrouping -->
