<?xml version="1.0" encoding="UTF-8"?>
<!-- Generated by org.testng.reporters.JUnitReportReporter -->
<testsuite skipped="2" hostname="HO-SVS-MAMALLAN-LAP" name="org.testngannota.MethodClassExecution" tests="4" failures="0" timestamp="17 Jun 2022 17:15:27 GMT" time="33.492" errors="0">
  <testcase name="tc6" time="24.185" classname="org.testngannota.MethodClassExecution"/>
  <testcase name="tc5" time="9.307" classname="org.testngannota.MethodClassExecution"/>
  <testcase name="tc8" classname="org.testngannota.MethodClassExecution">
    <skipped/>
  </testcase> <!-- tc8 -->
  <testcase name="tc7" classname="org.testngannota.MethodClassExecution">
    <skipped/>
  </testcase> <!-- tc7 -->
</testsuite> <!-- org.testngannota.MethodClassExecution -->
