<?xml version="1.0" encoding="UTF-8"?>
<!-- Generated by org.testng.reporters.JUnitReportReporter -->
<testsuite skipped="1" hostname="HO-SVS-MAMALLAN-LAP" name="org.testngannota.TestNganno" tests="10" failures="0" timestamp="16 Jun 2022 11:57:30 GMT" time="163.483" errors="0">
  <testcase name="tc2" time="65.914" classname="org.testngannota.TestNganno"/>
  <testcase name="tc1" time="14.783" classname="org.testngannota.TestNganno"/>
  <testcase name="tc8" time="16.725" classname="org.testngannota.TestNganno"/>
  <testcase name="tc4" time="5.780" classname="org.testngannota.TestNganno"/>
  <testcase name="tc3" time="2.704" classname="org.testngannota.TestNganno"/>
  <testcase name="tc3" time="3.435" classname="org.testngannota.TestNganno"/>
  <testcase name="tc5" time="13.039" classname="org.testngannota.TestNganno"/>
  <testcase name="tc6" time="22.836" classname="org.testngannota.TestNganno"/>
  <testcase name="tc7" time="18.267" classname="org.testngannota.TestNganno"/>
  <testcase name="tc9" classname="org.testngannota.TestNganno">
    <skipped/>
  </testcase> <!-- tc9 -->
</testsuite> <!-- org.testngannota.TestNganno -->
