<?xml version="1.0" encoding="UTF-8"?>
<!-- Generated by org.testng.reporters.JUnitReportReporter -->
<testsuite skipped="1" hostname="HO-SVS-MAMALLAN-LAP" name="org.testngannota.TestNgDataProvider" tests="13" failures="0" timestamp="16 Jun 2022 14:23:47 GMT" time="162.978" errors="0">
  <testcase name="tc2" time="46.902" classname="org.testngannota.TestNgDataProvider"/>
  <testcase name="tc1" time="12.611" classname="org.testngannota.TestNgDataProvider"/>
  <testcase name="tc8" time="14.155" classname="org.testngannota.TestNgDataProvider"/>
  <testcase name="tc8" time="11.781" classname="org.testngannota.TestNgDataProvider"/>
  <testcase name="tc8" time="12.587" classname="org.testngannota.TestNgDataProvider"/>
  <testcase name="tc8" time="12.854" classname="org.testngannota.TestNgDataProvider"/>
  <testcase name="tc4" time="1.883" classname="org.testngannota.TestNgDataProvider"/>
  <testcase name="tc3" time="1.639" classname="org.testngannota.TestNgDataProvider"/>
  <testcase name="tc3" time="2.228" classname="org.testngannota.TestNgDataProvider"/>
  <testcase name="tc5" time="11.387" classname="org.testngannota.TestNgDataProvider"/>
  <testcase name="tc6" time="21.590" classname="org.testngannota.TestNgDataProvider"/>
  <testcase name="tc7" time="13.361" classname="org.testngannota.TestNgDataProvider"/>
  <testcase name="tc9" classname="org.testngannota.TestNgDataProvider">
    <skipped/>
  </testcase> <!-- tc9 -->
</testsuite> <!-- org.testngannota.TestNgDataProvider -->
