<?xml version="1.0" encoding="UTF-8"?>
<!-- Generated by org.testng.reporters.JUnitReportReporter -->
<testsuite skipped="4" hostname="HO-SVS-MAMALLAN-LAP" name="org.testngannota.TestNgOrders" tests="12" failures="0" timestamp="18 Jun 2022 16:56:29 GMT" time="105.188" errors="0">
  <testcase name="tc4" time="5.056" classname="org.testngannota.TestNgOrders"/>
  <testcase name="tc8" time="32.644" classname="org.testngannota.TestNgOrders"/>
  <testcase name="tc8" time="13.914" classname="org.testngannota.TestNgOrders"/>
  <testcase name="tc8" time="30.575" classname="org.testngannota.TestNgOrders"/>
  <testcase name="tc8" time="15.271" classname="org.testngannota.TestNgOrders"/>
  <testcase name="tc3" time="4.143" classname="org.testngannota.TestNgOrders"/>
  <testcase name="tc6" time="1.629" classname="org.testngannota.TestNgOrders"/>
  <testcase name="tc6" time="1.956" classname="org.testngannota.TestNgOrders"/>
  <testcase name="tc1" classname="org.testngannota.TestNgOrders">
    <skipped/>
  </testcase> <!-- tc1 -->
  <testcase name="tc2" classname="org.testngannota.TestNgOrders">
    <skipped/>
  </testcase> <!-- tc2 -->
  <testcase name="tc5" classname="org.testngannota.TestNgOrders">
    <skipped/>
  </testcase> <!-- tc5 -->
  <testcase name="tc7" classname="org.testngannota.TestNgOrders">
    <skipped/>
  </testcase> <!-- tc7 -->
</testsuite> <!-- org.testngannota.TestNgOrders -->
